[?25l[?7l[37m[0m[1m`.-::---..
[0m[32m[1m      .:++++ooooosssoo:.
    .+o++::.      `.:oos+.
[0m[32m[1m   :oo:.`             -+oo[37m[0m[1m:
[0m[32m[1m [37m[0m[1m`[0m[32m[1m+o/`    .[37m[0m[1m::::::[0m[32m[1m-.    .++-[37m[0m[1m`
[0m[32m[1m[37m[0m[1m`[0m[32m[1m/s/    .yyyyyyyyyyo:   +o-[37m[0m[1m`
[0m[32m[1m[37m[0m[1m`[0m[32m[1mso     .ss       ohyo` :s-[37m[0m[1m:
[0m[32m[1m[37m[0m[1m`[0m[32m[1ms/     .ss  h  m  myy/ /s`[37m[0m[1m`
[0m[32m[1m`s:     `oo  s  m  Myy+-o:`
`oo      :+sdoohyoydyso/.
 :o.      .:////////++:
[0m[32m[1m `/++        [37m[0m[1m-:::::-
[0m[32m[1m  [37m[0m[1m`[0m[32m[1m++-
[0m[32m[1m   [37m[0m[1m`[0m[32m[1m/+-
[0m[32m[1m     [37m[0m[1m.[0m[32m[1m+/.
[0m[32m[1m       [37m[0m[1m.[0m[32m[1m:+-.
          `--.``[0m
[17A[9999999D[31C[0m[1m[32m[1mbikkie[0m@[32m[1msilver[0m 
[31C[0m-------------[0m 
[31C[0m[32m[1mOS[0m[0m:[0m LMDE 6 (faye) x86_64[0m 
[31C[0m[32m[1mHost[0m[0m:[0m HP Spectre x360 Convertible 13-aw0xxx[0m 
[31C[0m[32m[1mKernel[0m[0m:[0m 6.1.0-37-amd64[0m 
[31C[0m[32m[1mUptime[0m[0m:[0m 29 mins[0m 
[31C[0m[32m[1mPackages[0m[0m:[0m 2289 (dpkg)[0m 
[31C[0m[32m[1mShell[0m[0m:[0m bash 5.2.15[0m 
[31C[0m[32m[1mResolution[0m[0m:[0m 1920x1080[0m 
[31C[0m[32m[1mDE[0m[0m:[0m Cinnamon 6.4.8[0m 
[31C[0m[32m[1mTheme[0m[0m:[0m Mint-Y [GTK2/3][0m 
[31C[0m[32m[1mIcons[0m[0m:[0m Mint-Y [GTK2/3][0m 
[31C[0m[32m[1mTerminal[0m[0m:[0m WezTerm[0m 
[31C[0m[32m[1mCPU[0m[0m:[0m Intel i7-1065G7 (8) @ 3.900GHz[0m 
[31C[0m[32m[1mGPU[0m[0m:[0m Intel Iris Plus Graphics G7[0m 
[31C[0m[32m[1mMemory[0m[0m:[0m 1236MiB / 15669MiB[0m 

[31C[30m[40m   [31m[41m   [32m[42m   [33m[43m   [34m[44m   [35m[45m   [36m[46m   [37m[47m   [m
[31C[38;5;8m[48;5;8m   [38;5;9m[48;5;9m   [38;5;10m[48;5;10m   [38;5;11m[48;5;11m   [38;5;12m[48;5;12m   [38;5;13m[48;5;13m   [38;5;14m[48;5;14m   [38;5;15m[48;5;15m   [m


[?25h[?7h