                  -`
                 .o+`
                `ooo/
               `+oooo:
              `+oooooo:
              -+oooooo+:
            `/:-:++oooo+:
           `/++++/+++++++:
          `/++++++++++++++:
         `/+++ooooooooooooo/`
        ./ooosssso++osssssso+`
       .oossssso-````/ossssss+`
      -osssssso.      :ssssssso.
     :osssssss/        osssso+++.
    /ossssssss/        +ssssooo/-
  `/ossssso+/:-        -:/+osssso+-
 `+sso+:-`                 `.-/+oso:
`++:.                           `-/+/
.`                                 `/[1G[18A[41Cbikkie@megalodon
[41C----------------
[41COS: Arch Linux x86_64
[41CHost: MS-7C91 (1.0)
[41CKernel: Linux 6.15.2-arch1-1
[41CUptime: 8 hours, 27 mins
[41CPackages: 1076 (pacman), 24 (flatpak)
[41CShell: bash 5.2.37
[41CDisplay (AAA): 1920x1080 @ 60 Hz [External]
[41CWM: Sway 1.11 (Wayland)
[41CCursor: Adwaita
[41CTerminal: WezTerm 20240203-110809-5046fc22
[41CTerminal Font: Fira Code
[41CCPU: AMD Ryzen 7 5800X (16) @ 4.85 GHz
[41CGPU: AMD Radeon RX 6650 XT [Discrete]
[41CMemory: 5.61 GiB / 62.72 GiB (9%)
[41CSwap: 0 B / 4.00 GiB (0%)
[41CDisk (/): 286.78 GiB / 1.78 TiB (16%) - ext4
[41CDisk (/home/bikkie/drives/nvme): 27.57 MiB / 1.79 TiB (0%) - ext4
[41CDisk (/home/bikkie/drives/ssd1): 35.45 GiB / 1.79 TiB (2%) - ext4
[41CDisk (/home/bikkie/drives/ssd2): 210.68 GiB / 1.79 TiB (11%) - ext4
[41CLocal IP (enp42s0): 192.168.1.106/24
[41CLocale: en_AU.UTF-8
[41C
[41C[40m   [41m   [42m   [43m   [44m   [45m   [46m   [47m   [m
[41C[100m   [101m   [102m   [103m   [104m   [105m   [106m   [107m   [m
